<?xml version="1.0" encoding="UTF-8"?>
<testsuite xmlns:xsi="http://www.w3.org/2001/XMLSchema-instance" xsi:noNamespaceSchemaLocation="https://maven.apache.org/surefire/maven-surefire-plugin/xsd/surefire-test-report-3.0.xsd" version="3.0" name="de.quantummaid.tutorials.GreetingTest" time="0.843" tests="1" errors="0" skipped="0" failures="0">
  <properties>
    <property name="gopherProxySet" value="false"/>
    <property name="awt.toolkit" value="sun.lwawt.macosx.LWCToolkit"/>
    <property name="java.specification.version" value="11"/>
    <property name="sun.cpu.isalist" value=""/>
    <property name="sun.jnu.encoding" value="UTF-8"/>
    <property name="java.class.path" value="/Users/richard/projects/builderrahmen/support/basic-tutorial/target/test-classes:/Users/richard/projects/builderrahmen/support/basic-tutorial/target/classes:/Users/richard/.m2/repository/de/quantummaid/quantummaid/packagings/quantummaid-essentials/1.1.1/quantummaid-essentials-1.1.1.jar:/Users/richard/.m2/repository/de/quantummaid/quantummaid/core/1.1.1/core-1.1.1.jar:/Users/richard/.m2/repository/de/quantummaid/httpmaid/core/0.9.144/core-0.9.144.jar:/Users/richard/.m2/repository/de/quantummaid/reflectmaid/reflectmaid-core/0.2.18/reflectmaid-core-0.2.18.jar:/Users/richard/.m2/repository/org/slf4j/slf4j-api/1.7.32/slf4j-api-1.7.32.jar:/Users/richard/.m2/repository/de/quantummaid/httpmaid/integrations/httpmaid-usecases/0.9.144/httpmaid-usecases-0.9.144.jar:/Users/richard/.m2/repository/de/quantummaid/usecasemaid/core/0.0.37/core-0.0.37.jar:/Users/richard/.m2/repository/de/quantummaid/injectmaid/core/0.1.18/core-0.1.18.jar:/Users/richard/.m2/repository/de/quantummaid/reflectmaid/reflectmaid-typescanner/0.2.18/reflectmaid-typescanner-0.2.18.jar:/Users/richard/.m2/repository/de/quantummaid/mapmaid/integrations/mapmaid-minimal-json/0.10.19/mapmaid-minimal-json-0.10.19.jar:/Users/richard/.m2/repository/de/quantummaid/mapmaid/core/0.10.19/core-0.10.19.jar:/Users/richard/.m2/repository/com/eclipsesource/minimal-json/minimal-json/0.9.5/minimal-json-0.9.5.jar:/Users/richard/.m2/repository/de/quantummaid/quantummaid/packagings/quantummaid-test-essentials/1.1.1/quantummaid-test-essentials-1.1.1.jar:/Users/richard/.m2/repository/de/quantummaid/quantummaid/integrations/quantummaid-junit5/1.1.1/quantummaid-junit5-1.1.1.jar:/Users/richard/.m2/repository/de/quantummaid/quantummaid/integrations/quantummaid-testsupport/1.1.1/quantummaid-testsupport-1.1.1.jar:/Users/richard/.m2/repository/org/junit/jupiter/junit-jupiter-api/5.8.0-M1/junit-jupiter-api-5.8.0-M1.jar:/Users/richard/.m2/repository/org/apiguardian/apiguardian-api/1.1.1/apiguardian-api-1.1.1.jar:/Users/richard/.m2/repository/org/opentest4j/opentest4j/1.2.0/opentest4j-1.2.0.jar:/Users/richard/.m2/repository/org/junit/platform/junit-platform-commons/1.8.0-M1/junit-platform-commons-1.8.0-M1.jar:/Users/richard/.m2/repository/org/junit/jupiter/junit-jupiter-engine/5.8.0-M1/junit-jupiter-engine-5.8.0-M1.jar:/Users/richard/.m2/repository/org/junit/platform/junit-platform-engine/1.8.0-M1/junit-platform-engine-1.8.0-M1.jar:/Users/richard/.m2/repository/org/jetbrains/kotlin/kotlin-stdlib-jdk8/1.4.20/kotlin-stdlib-jdk8-1.4.20.jar:/Users/richard/.m2/repository/org/jetbrains/kotlin/kotlin-stdlib/1.4.20/kotlin-stdlib-1.4.20.jar:/Users/richard/.m2/repository/org/jetbrains/kotlin/kotlin-stdlib-common/1.4.20/kotlin-stdlib-common-1.4.20.jar:/Users/richard/.m2/repository/org/jetbrains/annotations/13.0/annotations-13.0.jar:/Users/richard/.m2/repository/org/jetbrains/kotlin/kotlin-stdlib-jdk7/1.4.20/kotlin-stdlib-jdk7-1.4.20.jar:/Users/richard/.m2/repository/de/quantummaid/quantummaid/integrations/quantummaid-restassured/1.1.1/quantummaid-restassured-1.1.1.jar:/Users/richard/.m2/repository/io/rest-assured/rest-assured/4.4.0/rest-assured-4.4.0.jar:/Users/richard/.m2/repository/org/codehaus/groovy/groovy/3.0.8/groovy-3.0.8.jar:/Users/richard/.m2/repository/org/codehaus/groovy/groovy-xml/3.0.8/groovy-xml-3.0.8.jar:/Users/richard/.m2/repository/org/apache/httpcomponents/httpclient/4.5.13/httpclient-4.5.13.jar:/Users/richard/.m2/repository/org/apache/httpcomponents/httpcore/4.4.13/httpcore-4.4.13.jar:/Users/richard/.m2/repository/commons-logging/commons-logging/1.2/commons-logging-1.2.jar:/Users/richard/.m2/repository/commons-codec/commons-codec/1.11/commons-codec-1.11.jar:/Users/richard/.m2/repository/org/apache/httpcomponents/httpmime/4.5.13/httpmime-4.5.13.jar:/Users/richard/.m2/repository/org/hamcrest/hamcrest/2.1/hamcrest-2.1.jar:/Users/richard/.m2/repository/org/ccil/cowan/tagsoup/tagsoup/1.2.1/tagsoup-1.2.1.jar:/Users/richard/.m2/repository/io/rest-assured/json-path/4.4.0/json-path-4.4.0.jar:/Users/richard/.m2/repository/org/codehaus/groovy/groovy-json/3.0.8/groovy-json-3.0.8.jar:/Users/richard/.m2/repository/io/rest-assured/rest-assured-common/4.4.0/rest-assured-common-4.4.0.jar:/Users/richard/.m2/repository/io/rest-assured/xml-path/4.4.0/xml-path-4.4.0.jar:/Users/richard/.m2/repository/org/apache/commons/commons-lang3/3.11/commons-lang3-3.11.jar:/Users/richard/.m2/repository/jakarta/xml/bind/jakarta.xml.bind-api/2.3.3/jakarta.xml.bind-api-2.3.3.jar:/Users/richard/.m2/repository/jakarta/activation/jakarta.activation-api/1.2.2/jakarta.activation-api-1.2.2.jar:/Users/richard/.m2/repository/com/sun/xml/bind/jaxb-impl/2.3.3/jaxb-impl-2.3.3.jar:"/>
    <property name="java.vm.vendor" value="Azul Systems, Inc."/>
    <property name="sun.arch.data.model" value="64"/>
    <property name="java.vendor.url" value="http://www.azul.com/"/>
    <property name="user.timezone" value="Europe/Berlin"/>
    <property name="java.vm.specification.version" value="11"/>
    <property name="os.name" value="Mac OS X"/>
    <property name="sun.java.launcher" value="SUN_STANDARD"/>
    <property name="user.country" value="DE"/>
    <property name="sun.boot.library.path" value="/Users/richard/apps/java/versions/zulu11.50.19-ca-jdk11.0.12-macosx_aarch64/zulu-11.jdk/Contents/Home/lib"/>
    <property name="sun.java.command" value="/Users/richard/projects/builderrahmen/support/basic-tutorial/target/surefire/surefirebooter10742640566378878158.jar /Users/richard/projects/builderrahmen/support/basic-tutorial/target/surefire 2021-08-24T13-48-11_871-jvmRun1 surefire1788996203981868234tmp surefire_07746081322821307214tmp"/>
    <property name="jdk.debug" value="release"/>
    <property name="surefire.test.class.path" value="/Users/richard/projects/builderrahmen/support/basic-tutorial/target/test-classes:/Users/richard/projects/builderrahmen/support/basic-tutorial/target/classes:/Users/richard/.m2/repository/de/quantummaid/quantummaid/packagings/quantummaid-essentials/1.1.1/quantummaid-essentials-1.1.1.jar:/Users/richard/.m2/repository/de/quantummaid/quantummaid/core/1.1.1/core-1.1.1.jar:/Users/richard/.m2/repository/de/quantummaid/httpmaid/core/0.9.144/core-0.9.144.jar:/Users/richard/.m2/repository/de/quantummaid/reflectmaid/reflectmaid-core/0.2.18/reflectmaid-core-0.2.18.jar:/Users/richard/.m2/repository/org/slf4j/slf4j-api/1.7.32/slf4j-api-1.7.32.jar:/Users/richard/.m2/repository/de/quantummaid/httpmaid/integrations/httpmaid-usecases/0.9.144/httpmaid-usecases-0.9.144.jar:/Users/richard/.m2/repository/de/quantummaid/usecasemaid/core/0.0.37/core-0.0.37.jar:/Users/richard/.m2/repository/de/quantummaid/injectmaid/core/0.1.18/core-0.1.18.jar:/Users/richard/.m2/repository/de/quantummaid/reflectmaid/reflectmaid-typescanner/0.2.18/reflectmaid-typescanner-0.2.18.jar:/Users/richard/.m2/repository/de/quantummaid/mapmaid/integrations/mapmaid-minimal-json/0.10.19/mapmaid-minimal-json-0.10.19.jar:/Users/richard/.m2/repository/de/quantummaid/mapmaid/core/0.10.19/core-0.10.19.jar:/Users/richard/.m2/repository/com/eclipsesource/minimal-json/minimal-json/0.9.5/minimal-json-0.9.5.jar:/Users/richard/.m2/repository/de/quantummaid/quantummaid/packagings/quantummaid-test-essentials/1.1.1/quantummaid-test-essentials-1.1.1.jar:/Users/richard/.m2/repository/de/quantummaid/quantummaid/integrations/quantummaid-junit5/1.1.1/quantummaid-junit5-1.1.1.jar:/Users/richard/.m2/repository/de/quantummaid/quantummaid/integrations/quantummaid-testsupport/1.1.1/quantummaid-testsupport-1.1.1.jar:/Users/richard/.m2/repository/org/junit/jupiter/junit-jupiter-api/5.8.0-M1/junit-jupiter-api-5.8.0-M1.jar:/Users/richard/.m2/repository/org/apiguardian/apiguardian-api/1.1.1/apiguardian-api-1.1.1.jar:/Users/richard/.m2/repository/org/opentest4j/opentest4j/1.2.0/opentest4j-1.2.0.jar:/Users/richard/.m2/repository/org/junit/platform/junit-platform-commons/1.8.0-M1/junit-platform-commons-1.8.0-M1.jar:/Users/richard/.m2/repository/org/junit/jupiter/junit-jupiter-engine/5.8.0-M1/junit-jupiter-engine-5.8.0-M1.jar:/Users/richard/.m2/repository/org/junit/platform/junit-platform-engine/1.8.0-M1/junit-platform-engine-1.8.0-M1.jar:/Users/richard/.m2/repository/org/jetbrains/kotlin/kotlin-stdlib-jdk8/1.4.20/kotlin-stdlib-jdk8-1.4.20.jar:/Users/richard/.m2/repository/org/jetbrains/kotlin/kotlin-stdlib/1.4.20/kotlin-stdlib-1.4.20.jar:/Users/richard/.m2/repository/org/jetbrains/kotlin/kotlin-stdlib-common/1.4.20/kotlin-stdlib-common-1.4.20.jar:/Users/richard/.m2/repository/org/jetbrains/annotations/13.0/annotations-13.0.jar:/Users/richard/.m2/repository/org/jetbrains/kotlin/kotlin-stdlib-jdk7/1.4.20/kotlin-stdlib-jdk7-1.4.20.jar:/Users/richard/.m2/repository/de/quantummaid/quantummaid/integrations/quantummaid-restassured/1.1.1/quantummaid-restassured-1.1.1.jar:/Users/richard/.m2/repository/io/rest-assured/rest-assured/4.4.0/rest-assured-4.4.0.jar:/Users/richard/.m2/repository/org/codehaus/groovy/groovy/3.0.8/groovy-3.0.8.jar:/Users/richard/.m2/repository/org/codehaus/groovy/groovy-xml/3.0.8/groovy-xml-3.0.8.jar:/Users/richard/.m2/repository/org/apache/httpcomponents/httpclient/4.5.13/httpclient-4.5.13.jar:/Users/richard/.m2/repository/org/apache/httpcomponents/httpcore/4.4.13/httpcore-4.4.13.jar:/Users/richard/.m2/repository/commons-logging/commons-logging/1.2/commons-logging-1.2.jar:/Users/richard/.m2/repository/commons-codec/commons-codec/1.11/commons-codec-1.11.jar:/Users/richard/.m2/repository/org/apache/httpcomponents/httpmime/4.5.13/httpmime-4.5.13.jar:/Users/richard/.m2/repository/org/hamcrest/hamcrest/2.1/hamcrest-2.1.jar:/Users/richard/.m2/repository/org/ccil/cowan/tagsoup/tagsoup/1.2.1/tagsoup-1.2.1.jar:/Users/richard/.m2/repository/io/rest-assured/json-path/4.4.0/json-path-4.4.0.jar:/Users/richard/.m2/repository/org/codehaus/groovy/groovy-json/3.0.8/groovy-json-3.0.8.jar:/Users/richard/.m2/repository/io/rest-assured/rest-assured-common/4.4.0/rest-assured-common-4.4.0.jar:/Users/richard/.m2/repository/io/rest-assured/xml-path/4.4.0/xml-path-4.4.0.jar:/Users/richard/.m2/repository/org/apache/commons/commons-lang3/3.11/commons-lang3-3.11.jar:/Users/richard/.m2/repository/jakarta/xml/bind/jakarta.xml.bind-api/2.3.3/jakarta.xml.bind-api-2.3.3.jar:/Users/richard/.m2/repository/jakarta/activation/jakarta.activation-api/1.2.2/jakarta.activation-api-1.2.2.jar:/Users/richard/.m2/repository/com/sun/xml/bind/jaxb-impl/2.3.3/jaxb-impl-2.3.3.jar:"/>
    <property name="sun.cpu.endian" value="little"/>
    <property name="user.home" value="/Users/richard"/>
    <property name="user.language" value="en"/>
    <property name="java.specification.vendor" value="Oracle Corporation"/>
    <property name="java.version.date" value="2021-07-20"/>
    <property name="java.home" value="/Users/richard/apps/java/versions/zulu11.50.19-ca-jdk11.0.12-macosx_aarch64/zulu-11.jdk/Contents/Home"/>
    <property name="file.separator" value="/"/>
    <property name="basedir" value="/Users/richard/projects/builderrahmen/support/basic-tutorial"/>
    <property name="java.vm.compressedOopsMode" value="Zero based"/>
    <property name="line.separator" value="&#10;"/>
    <property name="java.specification.name" value="Java Platform API Specification"/>
    <property name="java.vm.specification.vendor" value="Oracle Corporation"/>
    <property name="jdk.vendor.version" value="Zulu11.50+19-CA"/>
    <property name="java.awt.graphicsenv" value="sun.awt.CGraphicsEnvironment"/>
    <property name="surefire.real.class.path" value="/Users/richard/projects/builderrahmen/support/basic-tutorial/target/surefire/surefirebooter10742640566378878158.jar"/>
    <property name="sun.management.compiler" value="HotSpot 64-Bit Tiered Compilers"/>
    <property name="java.runtime.version" value="11.0.12+7-LTS"/>
    <property name="user.name" value="richard"/>
    <property name="path.separator" value=":"/>
    <property name="os.version" value="11.5.1"/>
    <property name="java.runtime.name" value="OpenJDK Runtime Environment"/>
    <property name="file.encoding" value="UTF-8"/>
    <property name="java.vm.name" value="OpenJDK 64-Bit Server VM"/>
    <property name="java.vendor.version" value="Zulu11.50+19-CA"/>
    <property name="localRepository" value="/Users/richard/.m2/repository"/>
    <property name="java.vendor.url.bug" value="http://www.azul.com/support/"/>
    <property name="java.io.tmpdir" value="/var/folders/wl/v7lr6r6s22gcwgfpr1cp3dsc0000gn/T/"/>
    <property name="java.version" value="11.0.12"/>
    <property name="user.dir" value="/Users/richard/projects/builderrahmen/support/basic-tutorial"/>
    <property name="os.arch" value="aarch64"/>
    <property name="java.vm.specification.name" value="Java Virtual Machine Specification"/>
    <property name="java.awt.printerjob" value="sun.lwawt.macosx.CPrinterJob"/>
    <property name="sun.os.patch.level" value="unknown"/>
    <property name="java.library.path" value="/Users/richard/Library/Java/Extensions:/Library/Java/Extensions:/Network/Library/Java/Extensions:/System/Library/Java/Extensions:/usr/lib/java:."/>
    <property name="java.vm.info" value="mixed mode"/>
    <property name="java.vendor" value="Azul Systems, Inc."/>
    <property name="java.vm.version" value="11.0.12+7-LTS"/>
    <property name="sun.io.unicode.encoding" value="UnicodeBig"/>
    <property name="java.class.version" value="55.0"/>
  </properties>
  <testcase name="testGreeting" classname="de.quantummaid.tutorials.GreetingTest" time="0.833"/>
</testsuite>